<?xml version="1.0" encoding="UTF-8"?>
<!-- Generated by org.testng.reporters.JUnitReportReporter -->
<testsuite skipped="0" hostname="DESKTOP-6TES89P" name="com.hrm.test.OpenPIMPageTest" tests="2" failures="0" timestamp="06 Mar 2020 04:32:17 GMT" time="52.821" errors="0">
  <testcase name="validateOpenPIMPageTitleTest" time="23.005" classname="com.hrm.test.OpenPIMPageTest"/>
  <testcase name="clickTest" time="29.816" classname="com.hrm.test.OpenPIMPageTest"/>
</testsuite> <!-- com.hrm.test.OpenPIMPageTest -->
