<?xml version="1.0" encoding="UTF-8"?>
<!-- Generated by org.testng.reporters.JUnitReportReporter -->
<testsuite skipped="0" hostname="DESKTOP-6TES89P" name="com.hrm.test.AddEmployeePageTest" tests="2" failures="0" timestamp="06 Mar 2020 04:32:17 GMT" time="65.103" errors="0">
  <testcase name="fillData" time="32.732" classname="com.hrm.test.AddEmployeePageTest"/>
  <testcase name="validateAddEmployeePageTest" time="32.371" classname="com.hrm.test.AddEmployeePageTest"/>
</testsuite> <!-- com.hrm.test.AddEmployeePageTest -->
