<?xml version="1.0" encoding="UTF-8"?>
<!-- Generated by org.testng.reporters.JUnitReportReporter -->
<testsuite skipped="0" hostname="DESKTOP-6TES89P" name="com.hrm.test.LoginPageTest" tests="2" failures="0" timestamp="06 Mar 2020 04:32:17 GMT" time="40.641" errors="0">
  <testcase name="ValidateLoginPageTest" time="19.346" classname="com.hrm.test.LoginPageTest"/>
  <testcase name="testCredentials" time="21.295" classname="com.hrm.test.LoginPageTest"/>
</testsuite> <!-- com.hrm.test.LoginPageTest -->
